[16:48:30] [Server thread/INFO]: Starting minecraft server version 1.8.8
[16:48:30] [Server thread/WARN]: To start the server with more ram, launch it as "java -Xmx1024M -Xms1024M -jar minecraft_server.jar"
[16:48:30] [Server thread/INFO]: Loading properties
[16:48:30] [Server thread/INFO]: Default game type: SURVIVAL
[16:48:30] [Server thread/INFO]: This server is running CraftBukkit version git-PaperSpigot-445 (MC: 1.8.8) (Implementing API version 1.8.8-R0.1-SNAPSHOT)
[16:48:31] [Server thread/INFO]: Spigot Timings: true - Verbose: true - Interval: 5m - Length: 60m
[16:48:31] [Server thread/INFO]: Server Ping Player Sample Count: 12
[16:48:31] [Server thread/INFO]: Using 4 threads for Netty based IO
[16:48:31] [Server thread/INFO]: Debug logging is disabled
[16:48:31] [Server thread/INFO]: Data value allowed items: 
[16:48:31] [Server thread/INFO]: Generating keypair
[16:48:31] [Server thread/INFO]: Starting Minecraft server on *:12005
[16:48:31] [Server thread/INFO]: Using epoll channel type
[16:48:32] [Server thread/INFO]: Set PluginClassLoader as parallel capable
[16:48:32] [Server thread/INFO]: [ClearLag] Loading ClearLag v3.2.2
[16:48:32] [Server thread/INFO]: [Essentials] Loading Essentials v2.21.1
[16:48:32] [Server thread/WARN]: **** SERVER IS RUNNING IN OFFLINE/INSECURE MODE!
[16:48:32] [Server thread/WARN]: The server will make no attempt to authenticate usernames. Beware.
[16:48:32] [Server thread/WARN]: While this makes the game possible to play without internet access, it also opens up the ability for hackers to connect with any username they choose.
[16:48:32] [Server thread/WARN]: To change this, set "online-mode" to "true" in the server.properties file.
[16:48:32] [Server thread/INFO]: **** Beginning UUID conversion, this may take A LONG time ****
[16:48:32] [Server thread/INFO]: Preparing level "world"
[16:48:32] [Server thread/INFO]: -------- World Settings For [world] --------
[16:48:32] [Server thread/INFO]: Mob Spawn Range: 4
[16:48:32] [Server thread/INFO]: Anti X-Ray: true
[16:48:32] [Server thread/INFO]: 	Engine Mode: 1
[16:48:32] [Server thread/INFO]: 	Hidden Blocks: [14, 15, 16, 21, 48, 49, 54, 56, 73, 74, 82, 129, 130]
[16:48:32] [Server thread/INFO]: 	Replace Blocks: [1, 5]
[16:48:32] [Server thread/INFO]: Nerfing mobs spawned from spawners: false
[16:48:32] [Server thread/INFO]: Cactus Growth Modifier: 100%
[16:48:32] [Server thread/INFO]: Cane Growth Modifier: 100%
[16:48:32] [Server thread/INFO]: Melon Growth Modifier: 100%
[16:48:32] [Server thread/INFO]: Mushroom Growth Modifier: 100%
[16:48:32] [Server thread/INFO]: Pumpkin Growth Modifier: 100%
[16:48:32] [Server thread/INFO]: Sapling Growth Modifier: 100%
[16:48:32] [Server thread/INFO]: Wheat Growth Modifier: 100%
[16:48:32] [Server thread/INFO]: NetherWart Growth Modifier: 100%
[16:48:32] [Server thread/INFO]: Entity Activation Range: An 32 / Mo 32 / Mi 16
[16:48:32] [Server thread/INFO]: Entity Tracking Range: Pl 48 / An 48 / Mo 48 / Mi 32 / Other 64
[16:48:32] [Server thread/INFO]: Hopper Transfer: 8 Hopper Check: 8 Hopper Amount: 1
[16:48:32] [Server thread/INFO]: Random Lighting Updates: false
[16:48:32] [Server thread/INFO]: Structure Info Saving: true
[16:48:32] [Server thread/INFO]: Sending up to 10 chunks per packet
[16:48:32] [Server thread/INFO]: Max Entity Collisions: 8
[16:48:32] [Server thread/INFO]: Custom Map Seeds:  Village: 10387312 Feature: 14357617
[16:48:32] [Server thread/INFO]: Max TNT Explosions: 100
[16:48:32] [Server thread/INFO]: Tile Max Tick Time: 50ms Entity max Tick Time: 50ms
[16:48:32] [Server thread/INFO]: Item Despawn Rate: 6000
[16:48:32] [Server thread/INFO]: Item Merge Radius: 2.5
[16:48:32] [Server thread/INFO]: Arrow Despawn Rate: 1200
[16:48:32] [Server thread/INFO]: Allow Zombie Pigmen to spawn from portal blocks: true
[16:48:32] [Server thread/INFO]: View Distance: 10
[16:48:32] [Server thread/INFO]: Zombie Aggressive Towards Villager: true
[16:48:32] [Server thread/INFO]: Chunks to Grow per Tick: 650
[16:48:32] [Server thread/INFO]: Clear tick list: false
[16:48:32] [Server thread/INFO]: Experience Merge Radius: 3.0
[16:48:32] [Server thread/INFO]: -------- World Settings For [world] --------
[16:48:32] [Server thread/INFO]: Max height for cactus growth 3. Max height for reed growth 3
[16:48:32] [Server thread/INFO]: Player blocking damage multiplier set to 0.5
[16:48:32] [Server thread/INFO]: Remove invalid mob spawner tile entities: true
[16:48:32] [Server thread/INFO]: Living Entity Despawn Ranges:  Soft: 32 Hard: 128
[16:48:32] [Server thread/INFO]: Squids will spawn between Y: 45.0 and Y: 63.0
[16:48:32] [Server thread/INFO]: Fix TNT cannons: false
[16:48:32] [Server thread/INFO]: Water over lava flow speed: 5
[16:48:32] [Server thread/INFO]: Allow undead horse types to be leashed: false
[16:48:32] [Server thread/INFO]: Keep spawn chunk loaded: true
[16:48:32] [Server thread/INFO]: WorldServer TickNextTick cap set at 10000
[16:48:32] [Server thread/INFO]: WorldServer TickNextTickList cap always processes redstone: false
[16:48:32] [Server thread/INFO]: World async lighting: false
[16:48:32] [Server thread/INFO]: -------- World Settings For [world_nether] --------
[16:48:32] [Server thread/INFO]: Mob Spawn Range: 4
[16:48:32] [Server thread/INFO]: Anti X-Ray: true
[16:48:32] [Server thread/INFO]: 	Engine Mode: 1
[16:48:32] [Server thread/INFO]: 	Hidden Blocks: [14, 15, 16, 21, 48, 49, 54, 56, 73, 74, 82, 129, 130]
[16:48:32] [Server thread/INFO]: 	Replace Blocks: [1, 5]
[16:48:32] [Server thread/INFO]: Nerfing mobs spawned from spawners: false
[16:48:32] [Server thread/INFO]: Cactus Growth Modifier: 100%
[16:48:32] [Server thread/INFO]: Cane Growth Modifier: 100%
[16:48:32] [Server thread/INFO]: Melon Growth Modifier: 100%
[16:48:32] [Server thread/INFO]: Mushroom Growth Modifier: 100%
[16:48:32] [Server thread/INFO]: Pumpkin Growth Modifier: 100%
[16:48:32] [Server thread/INFO]: Sapling Growth Modifier: 100%
[16:48:32] [Server thread/INFO]: Wheat Growth Modifier: 100%
[16:48:32] [Server thread/INFO]: NetherWart Growth Modifier: 100%
[16:48:32] [Server thread/INFO]: Entity Activation Range: An 32 / Mo 32 / Mi 16
[16:48:32] [Server thread/INFO]: Entity Tracking Range: Pl 48 / An 48 / Mo 48 / Mi 32 / Other 64
[16:48:32] [Server thread/INFO]: Hopper Transfer: 8 Hopper Check: 8 Hopper Amount: 1
[16:48:32] [Server thread/INFO]: Random Lighting Updates: false
[16:48:32] [Server thread/INFO]: Structure Info Saving: true
[16:48:32] [Server thread/INFO]: Sending up to 10 chunks per packet
[16:48:32] [Server thread/INFO]: Max Entity Collisions: 8
[16:48:32] [Server thread/INFO]: Custom Map Seeds:  Village: 10387312 Feature: 14357617
[16:48:32] [Server thread/INFO]: Max TNT Explosions: 100
[16:48:32] [Server thread/INFO]: Tile Max Tick Time: 50ms Entity max Tick Time: 50ms
[16:48:32] [Server thread/INFO]: Item Despawn Rate: 6000
[16:48:32] [Server thread/INFO]: Item Merge Radius: 2.5
[16:48:32] [Server thread/INFO]: Arrow Despawn Rate: 1200
[16:48:32] [Server thread/INFO]: Allow Zombie Pigmen to spawn from portal blocks: true
[16:48:32] [Server thread/INFO]: View Distance: 10
[16:48:32] [Server thread/INFO]: Zombie Aggressive Towards Villager: true
[16:48:32] [Server thread/INFO]: Chunks to Grow per Tick: 650
[16:48:32] [Server thread/INFO]: Clear tick list: false
[16:48:32] [Server thread/INFO]: Experience Merge Radius: 3.0
[16:48:32] [Server thread/INFO]: -------- World Settings For [world_nether] --------
[16:48:32] [Server thread/INFO]: Max height for cactus growth 3. Max height for reed growth 3
[16:48:32] [Server thread/INFO]: Player blocking damage multiplier set to 0.5
[16:48:32] [Server thread/INFO]: Remove invalid mob spawner tile entities: true
[16:48:32] [Server thread/INFO]: Living Entity Despawn Ranges:  Soft: 32 Hard: 128
[16:48:32] [Server thread/INFO]: Squids will spawn between Y: 45.0 and Y: 63.0
[16:48:32] [Server thread/INFO]: Fix TNT cannons: false
[16:48:32] [Server thread/INFO]: Water over lava flow speed: 5
[16:48:32] [Server thread/INFO]: Allow undead horse types to be leashed: false
[16:48:32] [Server thread/INFO]: Keep spawn chunk loaded: true
[16:48:32] [Server thread/INFO]: WorldServer TickNextTick cap set at 10000
[16:48:32] [Server thread/INFO]: WorldServer TickNextTickList cap always processes redstone: false
[16:48:32] [Server thread/INFO]: World async lighting: false
[16:48:33] [Server thread/INFO]: -------- World Settings For [world_the_end] --------
[16:48:33] [Server thread/INFO]: Mob Spawn Range: 4
[16:48:33] [Server thread/INFO]: Anti X-Ray: true
[16:48:33] [Server thread/INFO]: 	Engine Mode: 1
[16:48:33] [Server thread/INFO]: 	Hidden Blocks: [14, 15, 16, 21, 48, 49, 54, 56, 73, 74, 82, 129, 130]
[16:48:33] [Server thread/INFO]: 	Replace Blocks: [1, 5]
[16:48:33] [Server thread/INFO]: Nerfing mobs spawned from spawners: false
[16:48:33] [Server thread/INFO]: Cactus Growth Modifier: 100%
[16:48:33] [Server thread/INFO]: Cane Growth Modifier: 100%
[16:48:33] [Server thread/INFO]: Melon Growth Modifier: 100%
[16:48:33] [Server thread/INFO]: Mushroom Growth Modifier: 100%
[16:48:33] [Server thread/INFO]: Pumpkin Growth Modifier: 100%
[16:48:33] [Server thread/INFO]: Sapling Growth Modifier: 100%
[16:48:33] [Server thread/INFO]: Wheat Growth Modifier: 100%
[16:48:33] [Server thread/INFO]: NetherWart Growth Modifier: 100%
[16:48:33] [Server thread/INFO]: Entity Activation Range: An 32 / Mo 32 / Mi 16
[16:48:33] [Server thread/INFO]: Entity Tracking Range: Pl 48 / An 48 / Mo 48 / Mi 32 / Other 64
[16:48:33] [Server thread/INFO]: Hopper Transfer: 8 Hopper Check: 8 Hopper Amount: 1
[16:48:33] [Server thread/INFO]: Random Lighting Updates: false
[16:48:33] [Server thread/INFO]: Structure Info Saving: true
[16:48:33] [Server thread/INFO]: Sending up to 10 chunks per packet
[16:48:33] [Server thread/INFO]: Max Entity Collisions: 8
[16:48:33] [Server thread/INFO]: Custom Map Seeds:  Village: 10387312 Feature: 14357617
[16:48:33] [Server thread/INFO]: Max TNT Explosions: 100
[16:48:33] [Server thread/INFO]: Tile Max Tick Time: 50ms Entity max Tick Time: 50ms
[16:48:33] [Server thread/INFO]: Item Despawn Rate: 6000
[16:48:33] [Server thread/INFO]: Item Merge Radius: 2.5
[16:48:33] [Server thread/INFO]: Arrow Despawn Rate: 1200
[16:48:33] [Server thread/INFO]: Allow Zombie Pigmen to spawn from portal blocks: true
[16:48:33] [Server thread/INFO]: View Distance: 10
[16:48:33] [Server thread/INFO]: Zombie Aggressive Towards Villager: true
[16:48:33] [Server thread/INFO]: Chunks to Grow per Tick: 650
[16:48:33] [Server thread/INFO]: Clear tick list: false
[16:48:33] [Server thread/INFO]: Experience Merge Radius: 3.0
[16:48:33] [Server thread/INFO]: -------- World Settings For [world_the_end] --------
[16:48:33] [Server thread/INFO]: Max height for cactus growth 3. Max height for reed growth 3
[16:48:33] [Server thread/INFO]: Player blocking damage multiplier set to 0.5
[16:48:33] [Server thread/INFO]: Remove invalid mob spawner tile entities: true
[16:48:33] [Server thread/INFO]: Living Entity Despawn Ranges:  Soft: 32 Hard: 128
[16:48:33] [Server thread/INFO]: Squids will spawn between Y: 45.0 and Y: 63.0
[16:48:33] [Server thread/INFO]: Fix TNT cannons: false
[16:48:33] [Server thread/INFO]: Water over lava flow speed: 5
[16:48:33] [Server thread/INFO]: Allow undead horse types to be leashed: false
[16:48:33] [Server thread/INFO]: Keep spawn chunk loaded: true
[16:48:33] [Server thread/INFO]: WorldServer TickNextTick cap set at 10000
[16:48:33] [Server thread/INFO]: WorldServer TickNextTickList cap always processes redstone: false
[16:48:33] [Server thread/INFO]: World async lighting: false
[16:48:33] [Server thread/INFO]: Preparing start region for level 0 (Seed: -7621224691510186051)
[16:48:34] [Server thread/INFO]: Preparing spawn area: 13%
[16:48:35] [Server thread/INFO]: Preparing spawn area: 54%
[16:48:35] [Server thread/INFO]: Preparing start region for level 1 (Seed: 7789669484088514111)
[16:48:36] [Server thread/INFO]: Preparing spawn area: 44%
[16:48:37] [Server thread/INFO]: Preparing spawn area: 94%
[16:48:37] [Server thread/INFO]: Preparing start region for level 2 (Seed: 7789669484088514111)
[16:48:38] [Server thread/INFO]: [ClearLag] Enabling ClearLag v3.2.2
[16:48:38] [Server thread/INFO]: [ClearLag] Using version-adapter: LegacyVersionAdapter
[16:48:38] [Server thread/INFO]: [ClearLag] Config not found. Generating default config...
[16:48:38] [Server thread/INFO]: [ClearLag] Loading modules...
[16:48:38] [Server thread/INFO]: [ClearLag] Modules enabed, loading config values
[16:48:38] [Server thread/INFO]: [ClearLag] Modules have been loaded!
[16:48:38] [Server thread/INFO]: [ClearLag] Clearlag is now enabled!
[16:48:38] [Thread-7/INFO]: [ClearLag] Checking for updates compatible with your bukkit version [1.8]...
[16:48:38] [Server thread/INFO]: [Essentials] Enabling Essentials v2.21.1
[16:48:39] [Server thread/WARN]: Beginning Adventure locale file conversion.
[16:48:40] [Server thread/INFO]: You are running a server with limited API functionality. EssentialsX will still work, but certain features may be disabled.
[16:48:40] [Server thread/INFO]: Creating config from template: plugins/Essentials/config.yml
[16:48:40] [Thread-7/INFO]: [ClearLag] No updates found!
[16:48:41] [Server thread/WARN]: Missing userdata folder, aborting
[16:48:41] [Server thread/INFO]: Creating config from template: plugins/Essentials/kits.yml
[16:48:41] [Server thread/INFO]: Attempting to convert old kits in config.yml to new kits.yml
[16:48:41] [Server thread/INFO]: No kits found to migrate.
[16:48:41] [Server thread/INFO]: Starting Essentials ban format conversion
[16:48:41] [Server thread/INFO]: Attempting to migrate ignore list to UUIDs
[16:48:41] [Server thread/INFO]: Attempting to migrate legacy userdata keys to Configurate
[16:48:41] [Server thread/INFO]: Done converting random teleport config.
[16:48:41] [Server thread/INFO]: Creating config from template: plugins/Essentials/worth.yml
[16:48:41] [Server thread/INFO]: Selected 1.8.3+ Spawner Item Provider as the provider for SpawnerItemProvider
[16:48:41] [Server thread/INFO]: Selected Reflection Formatted Command Alias Provider as the provider for FormattedCommandAliasProvider
[16:48:41] [Server thread/INFO]: No provider found for SerializationProvider, but it is nullable
[16:48:41] [Server thread/INFO]: Selected Legacy Player Locale Provider as the provider for PlayerLocaleProvider
[16:48:41] [Server thread/INFO]: Selected Reflection Known Commands Provider as the provider for KnownCommandsProvider
[16:48:41] [Server thread/INFO]: Selected Legacy Banner Meta Provider as the provider for BannerDataProvider
[16:48:41] [Server thread/INFO]: No provider found for BiomeKeyProvider, but it is nullable
[16:48:41] [Server thread/INFO]: No provider found for MaterialTagProvider, but it is nullable
[16:48:41] [Server thread/INFO]: No provider found for SignDataProvider, but it is nullable
[16:48:41] [Server thread/INFO]: Selected Legacy Item Unbreakable Provider as the provider for ItemUnbreakableProvider
[16:48:41] [Server thread/INFO]: Selected Legacy 1.8 Potion Meta Provider as the provider for PotionMetaProvider
[16:48:41] [Server thread/INFO]: No provider found for TickCountProvider, but it is nullable
[16:48:41] [Server thread/INFO]: Selected Legacy Damage Event Provider as the provider for DamageEventProvider
[16:48:41] [Server thread/INFO]: Selected Reflection Spawner Block Provider as the provider for SpawnerBlockProvider
[16:48:41] [Server thread/INFO]: Selected Legacy InventoryView Abstract Class ABI Provider as the provider for InventoryViewProvider
[16:48:41] [Server thread/INFO]: Selected Fixed Height World Info Provider as the provider for WorldInfoProvider
[16:48:41] [Server thread/INFO]: Selected Reflection Persistent Data Container Provider as the provider for PersistentDataProvider
[16:48:41] [Server thread/INFO]: Selected 1.8 Spawn Egg Provider as the provider for SpawnEggProvider
[16:48:41] [Server thread/INFO]: Selected Reflection Server State Provider as the provider for ServerStateProvider
[16:48:41] [Server thread/INFO]: No provider found for ContainerProvider, but it is nullable
[16:48:41] [Server thread/INFO]: Selected Reflection Online Mode Provider as the provider for OnlineModeProvider
[16:48:41] [Server thread/INFO]: Selected Reflection Sync Commands Provider as the provider for SyncCommandsProvider
[16:48:41] [Server thread/INFO]: Creating config from template: plugins/Essentials/tpr.yml
[16:48:41] [Server thread/INFO]: Loaded 853 items from items.csv.
[16:48:41] [Server thread/INFO]: Creating config from template: plugins/Essentials/custom_items.yml
[16:48:41] [Server thread/INFO]: Using locale en_US
[16:48:41] [Server thread/INFO]: ServerListPingEvent: Spigot iterator API
[16:48:42] [Server thread/INFO]: Starting Metrics. Opt-out using the global bStats config.
[16:48:42] [Server thread/INFO]: Using superperms-based permissions.
[16:48:42] [Server thread/INFO]: Server permissions file permissions.yml is empty, ignoring it
[16:48:42] [Server thread/INFO]: Done (10.307s)! For help, type "help" or "?"
[16:48:42] [Server thread/INFO]: Timings Reset
[16:48:42] [Craft Scheduler Thread - 0/INFO]: ?6Fetching version information...
